build/app/outputs/mapping/release/seeds.txt
com.example.theatrify.MainActivity
com.example.theatrify.MainActivity: MainActivity()
...
io.flutter.embedding.engine.FlutterJNI: io.flutter.embedding.engine.dart.PlatformMessageHandler platformMessageHandler
com.google.protobuf.GeneratedMessageLite: java.util.Map defaultInstanceMap
com.google.firebase.firestore.proto.MaybeDocument: int NO_DOCUMENT_FIELD_NUMBER
com.google.android.gms.internal.measurement.zzcb: com.google.android.gms.internal.measurement.zzcc asInterface(android.os.IBinder)
com.google.firestore.v1.DocumentDelete: com.google.protobuf.Timestamp readTime_
com.google.firebase.firestore.proto.NoDocument: com.google.protobuf.Timestamp readTime_
com.google.firestore.v1.Document: int NAME_FIELD_NUMBER
io.flutter.view.AccessibilityViewEmbedder: android.view.View rootAccessibilityView
com.google.firestore.v1.TransactionOptions$ReadOnly: com.google.firestore.v1.TransactionOptions$ReadOnly DEFAULT_INSTANCE
com.google.android.gms.internal.measurement.zzfy: long zzC
com.google.firebase.firestore.proto.NoDocument: com.google.protobuf.Parser PARSER
io.flutter.embedding.engine.systemchannels.PlatformChannel$SystemUiOverlay: io.flutter.embedding.engine.systemchannels.PlatformChannel$SystemUiOverlay[] values()
com.google.android.gms.common.internal.zzj: android.os.Parcelable$Creator CREATOR
io.flutter.embedding.android.FlutterSurfaceView: io.flutter.embedding.engine.renderer.FlutterRenderer getAttachedRenderer()
com.google.firestore.v1.BatchGetDocumentsResponse$ResultCase: com.google.firestore.v1.BatchGetDocumentsResponse$ResultCase[] values()
com.google.firestore.v1.ListenRequest: int LABELS_FIELD_NUMBER
io.flutter.plugin.platform.SingleViewPresentation: void onCreate(android.os.Bundle)
androidx.core.graphics.drawable.IconCompat
io.flutter.view.AccessibilityViewEmbedder
com.google.android.gms.measurement.internal.AppMeasurementDynamiteService: void clearMeasurementEnabled(long)
androidx.lifecycle.ReportFragment$LifecycleCallbacks: void onActivityPreStopped(android.app.Activity)
com.google.android.gms.internal.measurement.zzes: com.google.android.gms.internal.measurement.zzel zzh
com.google.firestore.bundle.BundledQuery: int STRUCTURED_QUERY_FIELD_NUMBER
com.google.firestore.v1.Target$QueryTarget: int queryTypeCase_
io.flutter.embedding.engine.FlutterJNI: void dispatchSemanticsAction(int,io.flutter.view.AccessibilityBridge$Action,java.lang.Object)
com.google.android.gms.measurement.internal.AppMeasurementDynamiteService: void onActivityStopped(com.google.android.gms.dynamic.IObjectWrapper,long)
com.google.firestore.v1.WriteRequest: com.google.protobuf.ByteString streamToken_
com.google.firestore.v1.Target: int targetId_
androidx.lifecycle.Lifecycle$State: androidx.lifecycle.Lifecycle$State valueOf(java.lang.String)
com.google.firestore.v1.BatchGetDocumentsRequest: com.google.firestore.v1.BatchGetDocumentsRequest DEFAULT_INSTANCE
com.google.firestore.v1.StructuredQuery$CompositeFilter: int OP_FIELD_NUMBER
com.google.firestore.v1.WriteRequest: int STREAM_TOKEN_FIELD_NUMBER
com.google.firebase.firestore.FirebaseFirestoreException$Code: com.google.firebase.firestore.FirebaseFirestoreException$Code valueOf(java.lang.String)
io.flutter.plugins.firebase.core.FlutterFirebasePluginRegistry: FlutterFirebasePluginRegistry()
com.google.firestore.v1.StructuredQuery$CompositeFilter: int op_
io.flutter.view.FlutterCallbackInformation: FlutterCallbackInformation(java.lang.String,java.lang.String,java.lang.String)
com.google.firestore.bundle.BundledQuery: java.lang.Object queryType_
com.google.firestore.v1.Value: int GEO_POINT_VALUE_FIELD_NUMBER
com.google.firestore.v1.DocumentTransform$FieldTransform: int MAXIMUM_FIELD_NUMBER
com.google.firestore.v1.StructuredQuery: int START_AT_FIELD_NUMBER
com.google.firestore.v1.Write: com.google.protobuf.Parser PARSER
com.google.android.gms.internal.measurement.zzfc: com.google.android.gms.internal.measurement.zzke zzj
com.google.firestore.v1.WriteRequest: int WRITES_FIELD_NUMBER
com.google.firestore.v1.WriteRequest: com.google.protobuf.Parser PARSER