build/app/outputs/mapping/release/mapping.txt
# compiler: R8
# compiler_version: 2.1.62
# min_api: 19
# pg_map_id: ba78d2a
# common_typos_disable
...
androidx.lifecycle.LifecycleRegistry$ObserverWithState -> androidx.lifecycle.h$b:
    androidx.lifecycle.Lifecycle$State mState -> a
    androidx.lifecycle.LifecycleEventObserver mLifecycleObserver -> b
    void dispatchEvent(androidx.lifecycle.LifecycleOwner,androidx.lifecycle.Lifecycle$Event) -> a
androidx.lifecycle.LifecycleRegistryOwner -> androidx.lifecycle.i:
    androidx.lifecycle.LifecycleRegistry getLifecycle() -> a
androidx.lifecycle.Lifecycling -> androidx.lifecycle.j:
    java.util.Map sCallbackCache -> a
    java.util.Map sClassToAdapters -> b
    androidx.lifecycle.GeneratedAdapter createGeneratedAdapter(java.lang.reflect.Constructor,java.lang.Object) -> a
    java.lang.reflect.Constructor generatedConstructor(java.lang.Class) -> b
    java.lang.String getAdapterName(java.lang.String) -> c
    int getObserverConstructorType(java.lang.Class) -> d
    boolean isLifecycleParent(java.lang.Class) -> e
    androidx.lifecycle.LifecycleEventObserver lifecycleEventObserver(java.lang.Object) -> f
    int resolveObserverCallbackType(java.lang.Class) -> g
androidx.lifecycle.Lifecycling$1 -> androidx.lifecycle.Lifecycling$1:
    androidx.lifecycle.LifecycleEventObserver val$observer -> a
    void onStateChanged(androidx.lifecycle.LifecycleOwner,androidx.lifecycle.Lifecycle$Event) -> d
androidx.lifecycle.LiveData -> androidx.lifecycle.LiveData:
    java.lang.Object NOT_SET -> i
    java.lang.Object mData -> d
    java.lang.Object mPendingData -> e
    androidx.arch.core.internal.SafeIterableMap mObservers -> b
    int mVersion -> f
    boolean mDispatchingValue -> g
    java.lang.Object mDataLock -> a
    boolean mDispatchInvalidated -> h
    int mActiveCount -> c
    void assertMainThread(java.lang.String) -> a
    void considerNotify(androidx.lifecycle.LiveData$ObserverWrapper) -> b
    void dispatchingValue(androidx.lifecycle.LiveData$ObserverWrapper) -> c
    void observe(androidx.lifecycle.LifecycleOwner,androidx.lifecycle.Observer) -> d
    void onActive() -> e
    void onInactive() -> f
    void removeObserver(androidx.lifecycle.Observer) -> g
    void setValue(java.lang.Object) -> h
androidx.lifecycle.LiveData$LifecycleBoundObserver -> androidx.lifecycle.LiveData$LifecycleBoundObserver:
    androidx.lifecycle.LiveData this$0 -> f
    androidx.lifecycle.LifecycleOwner mOwner -> e
    void onStateChanged(androidx.lifecycle.LifecycleOwner,androidx.lifecycle.Lifecycle$Event) -> d
    void detachObserver() -> i
    boolean isAttachedTo(androidx.lifecycle.LifecycleOwner) -> j
    boolean shouldBeActive() -> k
androidx.lifecycle.LiveData$ObserverWrapper -> androidx.lifecycle.LiveData$a:
    androidx.lifecycle.Observer mObserver -> a
    androidx.lifecycle.LiveData this$0 -> d
    boolean mActive -> b
    int mLastVersion -> c
    void activeStateChanged(boolean) -> h
    void detachObserver() -> i
    boolean isAttachedTo(androidx.lifecycle.LifecycleOwner) -> j
    boolean shouldBeActive() -> k
androidx.lifecycle.MethodCallsLogger -> androidx.lifecycle.k:
androidx.lifecycle.MutableLiveData -> androidx.lifecycle.l:
    void setValue(java.lang.Object) -> h
androidx.lifecycle.Observer -> androidx.lifecycle.m:
    void onChanged(java.lang.Object) -> a
androidx.lifecycle.OnLifecycleEvent -> androidx.lifecycle.n:
androidx.lifecycle.ReflectiveGenericLifecycleObserver -> androidx.lifecycle.ReflectiveGenericLifecycleObserver:
    androidx.lifecycle.ClassesInfoCache$CallbackInfo mInfo -> b
    java.lang.Object mWrapped -> a
    void onStateChanged(androidx.lifecycle.LifecycleOwner,androidx.lifecycle.Lifecycle$Event) -> d