build/app/outputs/mapping/release/usage.txt
com.example.theatrify.R$layout
com.example.theatrify.BuildConfig
com.example.theatrify.R$styleable
com.example.theatrify.R$xml
com.example.theatrify.R$string
com.example.theatrify.R$attr
com.example.theatrify.R$id
com.example.theatrify.R$color
com.example.theatrify.R$mipmap
com.example.theatrify.R$style
com.example.theatrify.R$dimen
com.example.theatrify.R$integer
com.example.theatrify.R$drawable
com.example.theatrify.R
...
com.google.common.collect.RegularImmutableMultiset
com.google.apphosting.datastore.testing.DatastoreTestTrace$FirestoreV1Action$CreateDocument$Builder
com.google.gson.internal.bind.JsonTreeReader$1
com.google.gson.internal.bind.TypeAdapters$16
kotlin.collections.AbstractList$SubList
com.google.protobuf.GeneratedMessageLite$1
io.flutter.embedding.engine.systemchannels.SettingsChannel:
    private static final java.lang.String TAG
    public static final java.lang.String CHANNEL_NAME
    private static final java.lang.String TEXT_SCALE_FACTOR
    private static final java.lang.String ALWAYS_USE_24_HOUR_FORMAT
    private static final java.lang.String PLATFORM_BRIGHTNESS
io.grpc.okhttp.internal.framed.HeadersMode:
    public boolean failIfStreamAbsent()
    public boolean failIfStreamPresent()
    public boolean failIfHeadersAbsent()
    public boolean failIfHeadersPresent()
kotlin.coroutines.intrinsics.IntrinsicsKt__IntrinsicsJvmKt$createCoroutineUnintercepted$$inlined$createCoroutineFromSuspendFunction$IntrinsicsKt__IntrinsicsJvmKt$1
com.google.api.Http
kotlin.collections.unsigned.UArraysKt___UArraysJvmKt$asList$3
com.google.common.io.Resources
com.google.api.Advice$Builder
com.google.protobuf.AnyProto
com.google.common.collect.AbstractMultiset
com.google.api.DistributionOrBuilder
kotlin.jvm.PurelyImplements
androidx.concurrent.futures.CallbackToFutureAdapter
com.google.common.graph.SuccessorsFunction
com.google.common.reflect.ClassPath$ResourceInfo
com.google.gson.internal.bind.TypeAdapters$29
kotlin.ranges.CharRange
com.google.common.collect.ImmutableRangeMap$Builder
kotlin.collections.ArraysUtilJVM
kotlin.sequences.ConstrainedOnceSequence
com.google.common.collect.ImmutableSortedMap$1EntrySet$1
com.google.common.cache.LocalCache$AccessQueue$1
com.google.gson.JsonStreamParser
androidx.browser.R$attr
io.grpc.stub.ClientCalls$StartableListener
io.grpc.ClientInterceptors$1:
    void <init>(io.grpc.MethodDescriptor$Marshaller,io.grpc.MethodDescriptor$Marshaller,io.grpc.ClientInterceptor)
    public io.grpc.ClientCall interceptCall(io.grpc.MethodDescriptor,io.grpc.CallOptions,io.grpc.Channel)
    final synthetic io.grpc.MethodDescriptor$Marshaller val$reqMarshaller
    final synthetic io.grpc.MethodDescriptor$Marshaller val$respMarshaller
    final synthetic io.grpc.ClientInterceptor val$interceptor
androidx.lifecycle.GenericLifecycleObserver
kotlin.text.MatchGroup
com.google.protobuf.TimestampOrBuilder
kotlin.text.Regex$Serialized
com.google.firebase.platforminfo.GlobalLibraryVersionRegistrar:
    public void registerVersion(java.lang.String,java.lang.String)
com.google.common.cache.LocalCache$LoadingSerializationProxy
com.google.common.cache.CacheBuilderSpec$RecordStatsParser
com.google.common.collect.RegularImmutableMultiset$SerializedForm
kotlin.jvm.internal.markers.KMutableMap$Entry
com.google.common.escape.Platform
com.google.protobuf.ExtensionLite:
    public void <init>()
    public abstract int getNumber()
    public abstract com.google.protobuf.WireFormat$FieldType getLiteType()
    public abstract boolean isRepeated()
    public abstract java.lang.Object getDefaultValue()
    public abstract com.google.protobuf.MessageLite getMessageDefaultInstance()
    boolean isLite()
com.google.type.Date
io.grpc.inprocess.InProcessTransport$InProcessStream
io.grpc.internal.ServerImpl$JumpToApplicationThreadServerStreamListener$1HalfClosed
com.google.api.QuotaLimit$Builder
androidx.loader.R$color
kotlin.collections.builders.SerializedMap$Companion
com.google.apphosting.datastore.testing.DatastoreTestTrace$FirestoreV1Action$Rollback$Builder
com.google.firestore.v1.UpdateDocumentRequestOrBuilder
androidx.core.location.LocationManagerCompat$CancellableLocationListener$2
com.google.errorprone.annotations.DoNotMock
androidx.customview.view.AbsSavedState$2